0 info it worked if it ends with ok
1 verbose cli [ '/usr/local/bin/node', '/usr/local/bin/npm', 'install' ]
2 info using npm@3.8.3
3 info using node@v5.9.0
4 silly loadCurrentTree Starting
5 silly install loadCurrentTree
6 silly install readLocalPackageData
7 silly install normalizeTree
8 silly loadCurrentTree Finishing
9 silly loadIdealTree Starting
10 silly install loadIdealTree
11 silly cloneCurrentTree Starting
12 silly install cloneCurrentTreeToIdealTree
13 silly cloneCurrentTree Finishing
14 silly loadShrinkwrap Starting
15 silly install loadShrinkwrap
16 silly loadShrinkwrap Finishing
17 silly loadAllDepsIntoIdealTree Starting
18 silly install loadAllDepsIntoIdealTree
19 silly fetchNamedPackageData network-address
20 silly mapToRegistry name network-address
21 silly mapToRegistry using default registry
22 silly mapToRegistry registry https://registry.npmjs.org/
23 silly mapToRegistry data Result {
23 silly mapToRegistry   raw: 'network-address',
23 silly mapToRegistry   scope: null,
23 silly mapToRegistry   name: 'network-address',
23 silly mapToRegistry   rawSpec: '',
23 silly mapToRegistry   spec: 'latest',
23 silly mapToRegistry   type: 'tag' }
24 silly mapToRegistry uri https://registry.npmjs.org/network-address
25 verbose get https://registry.npmjs.org/network-address not expired, no request
26 silly resolveWithNewModule network-address@1.1.0 checking installable status
27 silly cache add args [ 'network-address@^1.1.0', null ]
28 verbose cache add spec network-address@^1.1.0
29 silly cache add parsed spec Result {
29 silly cache add   raw: 'network-address@^1.1.0',
29 silly cache add   scope: null,
29 silly cache add   name: 'network-address',
29 silly cache add   rawSpec: '^1.1.0',
29 silly cache add   spec: '>=1.1.0 <2.0.0',
29 silly cache add   type: 'range' }
30 silly addNamed network-address@>=1.1.0 <2.0.0
31 verbose addNamed ">=1.1.0 <2.0.0" is a valid semver range for network-address
32 silly addNameRange { name: 'network-address',
32 silly addNameRange   range: '>=1.1.0 <2.0.0',
32 silly addNameRange   hasData: false }
33 silly mapToRegistry name network-address
34 silly mapToRegistry using default registry
35 silly mapToRegistry registry https://registry.npmjs.org/
36 silly mapToRegistry data Result {
36 silly mapToRegistry   raw: 'network-address',
36 silly mapToRegistry   scope: null,
36 silly mapToRegistry   name: 'network-address',
36 silly mapToRegistry   rawSpec: '',
36 silly mapToRegistry   spec: 'latest',
36 silly mapToRegistry   type: 'tag' }
37 silly mapToRegistry uri https://registry.npmjs.org/network-address
38 verbose addNameRange registry:https://registry.npmjs.org/network-address not in flight; fetching
39 verbose get https://registry.npmjs.org/network-address not expired, no request
40 silly addNameRange number 2 { name: 'network-address',
40 silly addNameRange   range: '>=1.1.0 <2.0.0',
40 silly addNameRange   hasData: true }
41 silly addNameRange versions [ 'network-address',
41 silly addNameRange   [ '0.0.1', '0.0.2', '0.0.3', '0.0.4', '0.0.5', '1.0.0', '1.1.0' ] ]
42 silly addNamed network-address@1.1.0
43 verbose addNamed "1.1.0" is a plain semver version for network-address
44 silly cache afterAdd network-address@1.1.0
45 verbose afterAdd /Users/lily/.npm/network-address/1.1.0/package/package.json not in flight; writing
46 verbose correctMkdir /Users/lily/.npm correctMkdir not in flight; initializing
47 verbose afterAdd /Users/lily/.npm/network-address/1.1.0/package/package.json written
48 silly fetchNamedPackageData electron-prebuilt
49 silly mapToRegistry name electron-prebuilt
50 silly mapToRegistry using default registry
51 silly mapToRegistry registry https://registry.npmjs.org/
52 silly mapToRegistry data Result {
52 silly mapToRegistry   raw: 'electron-prebuilt',
52 silly mapToRegistry   scope: null,
52 silly mapToRegistry   name: 'electron-prebuilt',
52 silly mapToRegistry   rawSpec: '',
52 silly mapToRegistry   spec: 'latest',
52 silly mapToRegistry   type: 'tag' }
53 silly mapToRegistry uri https://registry.npmjs.org/electron-prebuilt
54 verbose get https://registry.npmjs.org/electron-prebuilt not expired, no request
55 silly fetchPackageMetaData Error: No compatible version found: electron-prebuilt@0.37.+
55 silly fetchPackageMetaData Valid install targets:
55 silly fetchPackageMetaData 0.37.7, 0.37.6, 0.37.5, 0.37.4, 0.37.3, 0.37.2, 0.37.1, 0.37.0, 0.36.12, 0.36.11, 0.36.10, 0.36.9, 0.36.8, 0.36.7, 0.36.6, 0.36.5, 0.36.4, 0.36.3, 0.36.2, 0.36.1, 0.36.0, 0.35.6, 0.35.5, 0.35.4, 0.35.3, 0.35.2, 0.35.1, 0.35.0, 0.34.5, 0.34.4, 0.34.3, 0.34.2, 0.34.1, 0.34.0, 0.33.9, 0.33.8, 0.33.7, 0.33.6, 0.33.5, 0.33.4, 0.33.3, 0.33.2, 0.33.1, 0.33.0, 0.32.3, 0.32.2, 0.32.1, 0.32.0, 0.31.2, 0.31.1, 0.31.0, 0.30.8, 0.30.7, 0.30.6, 0.30.5, 0.30.4, 0.30.3, 0.30.2, 0.30.1, 0.30.0, 0.29.2, 0.29.1, 0.29.0, 0.28.3, 0.28.2, 0.28.1, 0.28.0, 0.27.3, 0.27.2, 0.27.1, 0.27.0, 0.26.1, 0.26.0, 0.25.3, 0.25.3-2, 0.25.3-1, 0.25.2, 0.25.2-1, 0.25.1, 0.25.1-1, 0.25.0, 0.24.0
55 silly fetchPackageMetaData
55 silly fetchPackageMetaData     at pickVersionFromRegistryDocument (/usr/local/lib/node_modules/npm/lib/fetch-package-metadata.js:156:16)
55 silly fetchPackageMetaData     at /usr/local/lib/node_modules/npm/node_modules/iferr/index.js:13:50
55 silly fetchPackageMetaData     at /usr/local/lib/node_modules/npm/lib/utils/pulse-till-done.js:19:8
55 silly fetchPackageMetaData     at CachingRegistryClient.get_ (/usr/local/lib/node_modules/npm/lib/cache/caching-client.js:120:16)
55 silly fetchPackageMetaData     at /usr/local/lib/node_modules/npm/lib/cache/caching-client.js:87:14
55 silly fetchPackageMetaData     at /usr/local/lib/node_modules/npm/node_modules/graceful-fs/graceful-fs.js:78:16
55 silly fetchPackageMetaData     at FSReqWrap.readFileAfterClose [as oncomplete] (fs.js:404:3)
55 silly fetchPackageMetaData  error for electron-prebuilt@0.37.+ [Error: No compatible version found: electron-prebuilt@0.37.+
55 silly fetchPackageMetaData Valid install targets:
55 silly fetchPackageMetaData 0.37.7, 0.37.6, 0.37.5, 0.37.4, 0.37.3, 0.37.2, 0.37.1, 0.37.0, 0.36.12, 0.36.11, 0.36.10, 0.36.9, 0.36.8, 0.36.7, 0.36.6, 0.36.5, 0.36.4, 0.36.3, 0.36.2, 0.36.1, 0.36.0, 0.35.6, 0.35.5, 0.35.4, 0.35.3, 0.35.2, 0.35.1, 0.35.0, 0.34.5, 0.34.4, 0.34.3, 0.34.2, 0.34.1, 0.34.0, 0.33.9, 0.33.8, 0.33.7, 0.33.6, 0.33.5, 0.33.4, 0.33.3, 0.33.2, 0.33.1, 0.33.0, 0.32.3, 0.32.2, 0.32.1, 0.32.0, 0.31.2, 0.31.1, 0.31.0, 0.30.8, 0.30.7, 0.30.6, 0.30.5, 0.30.4, 0.30.3, 0.30.2, 0.30.1, 0.30.0, 0.29.2, 0.29.1, 0.29.0, 0.28.3, 0.28.2, 0.28.1, 0.28.0, 0.27.3, 0.27.2, 0.27.1, 0.27.0, 0.26.1, 0.26.0, 0.25.3, 0.25.3-2, 0.25.3-1, 0.25.2, 0.25.2-1, 0.25.1, 0.25.1-1, 0.25.0, 0.24.0
55 silly fetchPackageMetaData ]
56 silly rollbackFailedOptional Starting
57 silly rollbackFailedOptional Finishing
58 silly runTopLevelLifecycles Starting
59 silly runTopLevelLifecycles Finishing
60 silly install printInstalled
61 verbose stack Error: No compatible version found: electron-prebuilt@0.37.+
61 verbose stack Valid install targets:
61 verbose stack 0.37.7, 0.37.6, 0.37.5, 0.37.4, 0.37.3, 0.37.2, 0.37.1, 0.37.0, 0.36.12, 0.36.11, 0.36.10, 0.36.9, 0.36.8, 0.36.7, 0.36.6, 0.36.5, 0.36.4, 0.36.3, 0.36.2, 0.36.1, 0.36.0, 0.35.6, 0.35.5, 0.35.4, 0.35.3, 0.35.2, 0.35.1, 0.35.0, 0.34.5, 0.34.4, 0.34.3, 0.34.2, 0.34.1, 0.34.0, 0.33.9, 0.33.8, 0.33.7, 0.33.6, 0.33.5, 0.33.4, 0.33.3, 0.33.2, 0.33.1, 0.33.0, 0.32.3, 0.32.2, 0.32.1, 0.32.0, 0.31.2, 0.31.1, 0.31.0, 0.30.8, 0.30.7, 0.30.6, 0.30.5, 0.30.4, 0.30.3, 0.30.2, 0.30.1, 0.30.0, 0.29.2, 0.29.1, 0.29.0, 0.28.3, 0.28.2, 0.28.1, 0.28.0, 0.27.3, 0.27.2, 0.27.1, 0.27.0, 0.26.1, 0.26.0, 0.25.3, 0.25.3-2, 0.25.3-1, 0.25.2, 0.25.2-1, 0.25.1, 0.25.1-1, 0.25.0, 0.24.0
61 verbose stack
61 verbose stack     at pickVersionFromRegistryDocument (/usr/local/lib/node_modules/npm/lib/fetch-package-metadata.js:156:16)
61 verbose stack     at /usr/local/lib/node_modules/npm/node_modules/iferr/index.js:13:50
61 verbose stack     at /usr/local/lib/node_modules/npm/lib/utils/pulse-till-done.js:19:8
61 verbose stack     at CachingRegistryClient.get_ (/usr/local/lib/node_modules/npm/lib/cache/caching-client.js:120:16)
61 verbose stack     at /usr/local/lib/node_modules/npm/lib/cache/caching-client.js:87:14
61 verbose stack     at /usr/local/lib/node_modules/npm/node_modules/graceful-fs/graceful-fs.js:78:16
61 verbose stack     at FSReqWrap.readFileAfterClose [as oncomplete] (fs.js:404:3)
62 verbose cwd /Users/lily/private/desktop-fairy
63 error Darwin 15.4.0
64 error argv "/usr/local/bin/node" "/usr/local/bin/npm" "install"
65 error node v5.9.0
66 error npm  v3.8.3
67 error No compatible version found: electron-prebuilt@0.37.+
67 error Valid install targets:
67 error 0.37.7, 0.37.6, 0.37.5, 0.37.4, 0.37.3, 0.37.2, 0.37.1, 0.37.0, 0.36.12, 0.36.11, 0.36.10, 0.36.9, 0.36.8, 0.36.7, 0.36.6, 0.36.5, 0.36.4, 0.36.3, 0.36.2, 0.36.1, 0.36.0, 0.35.6, 0.35.5, 0.35.4, 0.35.3, 0.35.2, 0.35.1, 0.35.0, 0.34.5, 0.34.4, 0.34.3, 0.34.2, 0.34.1, 0.34.0, 0.33.9, 0.33.8, 0.33.7, 0.33.6, 0.33.5, 0.33.4, 0.33.3, 0.33.2, 0.33.1, 0.33.0, 0.32.3, 0.32.2, 0.32.1, 0.32.0, 0.31.2, 0.31.1, 0.31.0, 0.30.8, 0.30.7, 0.30.6, 0.30.5, 0.30.4, 0.30.3, 0.30.2, 0.30.1, 0.30.0, 0.29.2, 0.29.1, 0.29.0, 0.28.3, 0.28.2, 0.28.1, 0.28.0, 0.27.3, 0.27.2, 0.27.1, 0.27.0, 0.26.1, 0.26.0, 0.25.3, 0.25.3-2, 0.25.3-1, 0.25.2, 0.25.2-1, 0.25.1, 0.25.1-1, 0.25.0, 0.24.0
68 error If you need help, you may report this error at:
68 error     <https://github.com/npm/npm/issues>
69 verbose exit [ 1, true ]
